Case 1: HSPC
Case 2: WE_HID_THEM_WELL
Case 3: DK_MISSES_BANANAS
Case 4: THE_QUICK_BROWN_FOX_JUMPED_OVER_THE_LAZY_DOG
Case 5: ________________________________________
Case 6: _
Case 7: X
Case 8: A
Case 9: W
Case 10: THE_QUICK_BROWN_FOX_JUMPED_OVER_THE_LAZY_DOG
Case 11: THE_QUICK_BROWN_FOX_JUMPED_OVER_THE_LAZY_DOG
Case 12: THE_QUICK_BROWN_FOX_JUMPED_OVER_THE_LAZY_DOG
Case 13: THE_QUICK_BROWN_FOX_JUMPED_OVER_THE_LAZY_DOG
Case 14: THE_QUICK_BROWN_FOX_JUMPED_OVER_THE_LAZY_DOG
Case 15: THE_QUICK_BROWN_FOX_JUMPED_OVER_THE_LAZY_DOG
Case 16: THE_QUICK_BROWN_FOX_JUMPED_OVER_THE_LAZY_DOG
Case 17: THE_QUICK_BROWN_FOX_JUMPED_OVER_THE_LAZY_DOG
Case 18: THE_QUICK_BROWN_FOX_JUMPED_OVER_THE_LAZY_DOG
Case 19: THE_QUICK_BROWN_FOX_JUMPED_OVER_THE_LAZY_DOG
Case 20: THE_QUICK_BROWN_FOX_JUMPED_OVER_THE_LAZY_DOG
Case 21: THE_QUICK_BROWN_FOX_JUMPED_OVER_THE_LAZY_DOG
Case 22: THE_QUICK_BROWN_FOX_JUMPED_OVER_THE_LAZY_DOG
Case 23: THE_QUICK_BROWN_FOX_JUMPED_OVER_THE_LAZY_DOG
Case 24: THE_QUICK_BROWN_FOX_JUMPED_OVER_THE_LAZY_DOG
Case 25: THE_QUICK_BROWN_FOX_JUMPED_OVER_THE_LAZY_DOG
Case 26: THE_QUICK_BROWN_FOX_JUMPED_OVER_THE_LAZY_DOG
Case 27: THE_QUICK_BROWN_FOX_JUMPED_OVER_THE_LAZY_DOG
Case 28: THE_QUICK_BROWN_FOX_JUMPED_OVER_THE_LAZY_DOG
Case 29: THE_QUICK_BROWN_FOX_JUMPED_OVER_THE_LAZY_DOG
Case 30: THE_QUICK_BROWN_FOX_JUMPED_OVER_THE_LAZY_DOG
Case 31: THE_QUICK_BROWN_FOX_JUMPED_OVER_THE_LAZY_DOG
Case 32: THE_QUICK_BROWN_FOX_JUMPED_OVER_THE_LAZY_DOG
Case 33: THE_QUICK_BROWN_FOX_JUMPED_OVER_THE_LAZY_DOG
Case 34: THE_QUICK_BROWN_FOX_JUMPED_OVER_THE_LAZY_DOG
Case 35: THE_QUICK_BROWN_FOX_JUMPED_OVER_THE_LAZY_DOG
Case 36: THE_QUICK_BROWN_FOX_JUMPED_OVER_THE_LAZY_DOG
Case 37: THE_QUICK_BROWN_FOX_JUMPED_OVER_THE_LAZY_DOG
Case 38: THE_QUICK_BROWN_FOX_JUMPED_OVER_THE_LAZY_DOG
Case 39: A
Case 40: FINISHED
